<?xml version="1.0" encoding="UTF-8"?>
<testsuite xmlns:xsi="http://www.w3.org/2001/XMLSchema-instance" xsi:noNamespaceSchemaLocation="https://maven.apache.org/surefire/maven-surefire-plugin/xsd/surefire-test-report.xsd" name="com.assignment2.grpc.GrpcApplicationTests" time="0.901" tests="1" errors="0" skipped="0" failures="0">
  <properties>
    <property name="java.specification.version" value="17"/>
    <property name="sun.jnu.encoding" value="UTF-8"/>
    <property name="java.class.path" value="/home/neha/Downloads/grpc/grpc-service/target/test-classes:/home/neha/Downloads/grpc/grpc-service/target/classes:/home/neha/.m2/repository/org/springframework/boot/spring-boot-starter/2.5.4/spring-boot-starter-2.5.4.jar:/home/neha/.m2/repository/org/springframework/boot/spring-boot/2.5.4/spring-boot-2.5.4.jar:/home/neha/.m2/repository/org/springframework/spring-context/5.3.9/spring-context-5.3.9.jar:/home/neha/.m2/repository/org/springframework/spring-aop/5.3.9/spring-aop-5.3.9.jar:/home/neha/.m2/repository/org/springframework/spring-beans/5.3.9/spring-beans-5.3.9.jar:/home/neha/.m2/repository/org/springframework/spring-expression/5.3.9/spring-expression-5.3.9.jar:/home/neha/.m2/repository/org/springframework/boot/spring-boot-autoconfigure/2.5.4/spring-boot-autoconfigure-2.5.4.jar:/home/neha/.m2/repository/org/springframework/boot/spring-boot-starter-logging/2.5.4/spring-boot-starter-logging-2.5.4.jar:/home/neha/.m2/repository/ch/qos/logback/logback-classic/1.2.5/logback-classic-1.2.5.jar:/home/neha/.m2/repository/ch/qos/logback/logback-core/1.2.5/logback-core-1.2.5.jar:/home/neha/.m2/repository/org/apache/logging/log4j/log4j-to-slf4j/2.14.1/log4j-to-slf4j-2.14.1.jar:/home/neha/.m2/repository/org/apache/logging/log4j/log4j-api/2.14.1/log4j-api-2.14.1.jar:/home/neha/.m2/repository/org/slf4j/jul-to-slf4j/1.7.32/jul-to-slf4j-1.7.32.jar:/home/neha/.m2/repository/jakarta/annotation/jakarta.annotation-api/1.3.5/jakarta.annotation-api-1.3.5.jar:/home/neha/.m2/repository/org/springframework/spring-core/5.3.9/spring-core-5.3.9.jar:/home/neha/.m2/repository/org/springframework/spring-jcl/5.3.9/spring-jcl-5.3.9.jar:/home/neha/.m2/repository/org/yaml/snakeyaml/1.28/snakeyaml-1.28.jar:/home/neha/.m2/repository/org/springframework/boot/spring-boot-starter-test/2.5.4/spring-boot-starter-test-2.5.4.jar:/home/neha/.m2/repository/org/springframework/boot/spring-boot-test/2.5.4/spring-boot-test-2.5.4.jar:/home/neha/.m2/repository/org/springframework/boot/spring-boot-test-autoconfigure/2.5.4/spring-boot-test-autoconfigure-2.5.4.jar:/home/neha/.m2/repository/com/jayway/jsonpath/json-path/2.5.0/json-path-2.5.0.jar:/home/neha/.m2/repository/net/minidev/json-smart/2.4.7/json-smart-2.4.7.jar:/home/neha/.m2/repository/net/minidev/accessors-smart/2.4.7/accessors-smart-2.4.7.jar:/home/neha/.m2/repository/org/ow2/asm/asm/9.1/asm-9.1.jar:/home/neha/.m2/repository/org/slf4j/slf4j-api/1.7.32/slf4j-api-1.7.32.jar:/home/neha/.m2/repository/jakarta/xml/bind/jakarta.xml.bind-api/2.3.3/jakarta.xml.bind-api-2.3.3.jar:/home/neha/.m2/repository/jakarta/activation/jakarta.activation-api/1.2.2/jakarta.activation-api-1.2.2.jar:/home/neha/.m2/repository/org/assertj/assertj-core/3.19.0/assertj-core-3.19.0.jar:/home/neha/.m2/repository/org/hamcrest/hamcrest/2.2/hamcrest-2.2.jar:/home/neha/.m2/repository/org/junit/jupiter/junit-jupiter/5.7.2/junit-jupiter-5.7.2.jar:/home/neha/.m2/repository/org/junit/jupiter/junit-jupiter-api/5.7.2/junit-jupiter-api-5.7.2.jar:/home/neha/.m2/repository/org/apiguardian/apiguardian-api/1.1.0/apiguardian-api-1.1.0.jar:/home/neha/.m2/repository/org/opentest4j/opentest4j/1.2.0/opentest4j-1.2.0.jar:/home/neha/.m2/repository/org/junit/platform/junit-platform-commons/1.7.2/junit-platform-commons-1.7.2.jar:/home/neha/.m2/repository/org/junit/jupiter/junit-jupiter-params/5.7.2/junit-jupiter-params-5.7.2.jar:/home/neha/.m2/repository/org/junit/jupiter/junit-jupiter-engine/5.7.2/junit-jupiter-engine-5.7.2.jar:/home/neha/.m2/repository/org/junit/platform/junit-platform-engine/1.7.2/junit-platform-engine-1.7.2.jar:/home/neha/.m2/repository/org/mockito/mockito-core/3.9.0/mockito-core-3.9.0.jar:/home/neha/.m2/repository/net/bytebuddy/byte-buddy/1.10.22/byte-buddy-1.10.22.jar:/home/neha/.m2/repository/net/bytebuddy/byte-buddy-agent/1.10.22/byte-buddy-agent-1.10.22.jar:/home/neha/.m2/repository/org/objenesis/objenesis/3.2/objenesis-3.2.jar:/home/neha/.m2/repository/org/mockito/mockito-junit-jupiter/3.9.0/mockito-junit-jupiter-3.9.0.jar:/home/neha/.m2/repository/org/skyscreamer/jsonassert/1.5.0/jsonassert-1.5.0.jar:/home/neha/.m2/repository/com/vaadin/external/google/android-json/0.0.20131108.vaadin1/android-json-0.0.20131108.vaadin1.jar:/home/neha/.m2/repository/org/springframework/spring-test/5.3.9/spring-test-5.3.9.jar:/home/neha/.m2/repository/org/xmlunit/xmlunit-core/2.8.2/xmlunit-core-2.8.2.jar:/home/neha/Downloads/grpc/grpc-common/target/grpc-common-0.0.1-SNAPSHOT.jar:/home/neha/.m2/repository/io/grpc/grpc-stub/1.53.0/grpc-stub-1.53.0.jar:/home/neha/.m2/repository/io/grpc/grpc-api/1.53.0/grpc-api-1.53.0.jar:/home/neha/.m2/repository/io/grpc/grpc-context/1.53.0/grpc-context-1.53.0.jar:/home/neha/.m2/repository/com/google/guava/guava/31.1-android/guava-31.1-android.jar:/home/neha/.m2/repository/com/google/guava/failureaccess/1.0.1/failureaccess-1.0.1.jar:/home/neha/.m2/repository/com/google/guava/listenablefuture/9999.0-empty-to-avoid-conflict-with-guava/listenablefuture-9999.0-empty-to-avoid-conflict-with-guava.jar:/home/neha/.m2/repository/org/checkerframework/checker-qual/3.12.0/checker-qual-3.12.0.jar:/home/neha/.m2/repository/com/google/j2objc/j2objc-annotations/1.3/j2objc-annotations-1.3.jar:/home/neha/.m2/repository/com/google/errorprone/error_prone_annotations/2.14.0/error_prone_annotations-2.14.0.jar:/home/neha/.m2/repository/io/grpc/grpc-protobuf/1.53.0/grpc-protobuf-1.53.0.jar:/home/neha/.m2/repository/com/google/code/findbugs/jsr305/3.0.2/jsr305-3.0.2.jar:/home/neha/.m2/repository/com/google/protobuf/protobuf-java/3.21.7/protobuf-java-3.21.7.jar:/home/neha/.m2/repository/com/google/api/grpc/proto-google-common-protos/2.9.0/proto-google-common-protos-2.9.0.jar:/home/neha/.m2/repository/io/grpc/grpc-protobuf-lite/1.53.0/grpc-protobuf-lite-1.53.0.jar:"/>
    <property name="java.vm.vendor" value="Private Build"/>
    <property name="sun.arch.data.model" value="64"/>
    <property name="java.vendor.url" value="Unknown"/>
    <property name="os.name" value="Linux"/>
    <property name="java.vm.specification.version" value="17"/>
    <property name="sun.java.launcher" value="SUN_STANDARD"/>
    <property name="user.country" value="CA"/>
    <property name="sun.boot.library.path" value="/usr/lib/jvm/java-17-openjdk-amd64/lib"/>
    <property name="sun.java.command" value="/home/neha/Downloads/grpc/grpc-service/target/surefire/surefirebooter14414042971587107467.jar /home/neha/Downloads/grpc/grpc-service/target/surefire 2023-03-22T07-54-04_149-jvmRun1 surefire3644923382826250785tmp surefire_02412356742082805867tmp"/>
    <property name="jdk.debug" value="release"/>
    <property name="surefire.test.class.path" value="/home/neha/Downloads/grpc/grpc-service/target/test-classes:/home/neha/Downloads/grpc/grpc-service/target/classes:/home/neha/.m2/repository/org/springframework/boot/spring-boot-starter/2.5.4/spring-boot-starter-2.5.4.jar:/home/neha/.m2/repository/org/springframework/boot/spring-boot/2.5.4/spring-boot-2.5.4.jar:/home/neha/.m2/repository/org/springframework/spring-context/5.3.9/spring-context-5.3.9.jar:/home/neha/.m2/repository/org/springframework/spring-aop/5.3.9/spring-aop-5.3.9.jar:/home/neha/.m2/repository/org/springframework/spring-beans/5.3.9/spring-beans-5.3.9.jar:/home/neha/.m2/repository/org/springframework/spring-expression/5.3.9/spring-expression-5.3.9.jar:/home/neha/.m2/repository/org/springframework/boot/spring-boot-autoconfigure/2.5.4/spring-boot-autoconfigure-2.5.4.jar:/home/neha/.m2/repository/org/springframework/boot/spring-boot-starter-logging/2.5.4/spring-boot-starter-logging-2.5.4.jar:/home/neha/.m2/repository/ch/qos/logback/logback-classic/1.2.5/logback-classic-1.2.5.jar:/home/neha/.m2/repository/ch/qos/logback/logback-core/1.2.5/logback-core-1.2.5.jar:/home/neha/.m2/repository/org/apache/logging/log4j/log4j-to-slf4j/2.14.1/log4j-to-slf4j-2.14.1.jar:/home/neha/.m2/repository/org/apache/logging/log4j/log4j-api/2.14.1/log4j-api-2.14.1.jar:/home/neha/.m2/repository/org/slf4j/jul-to-slf4j/1.7.32/jul-to-slf4j-1.7.32.jar:/home/neha/.m2/repository/jakarta/annotation/jakarta.annotation-api/1.3.5/jakarta.annotation-api-1.3.5.jar:/home/neha/.m2/repository/org/springframework/spring-core/5.3.9/spring-core-5.3.9.jar:/home/neha/.m2/repository/org/springframework/spring-jcl/5.3.9/spring-jcl-5.3.9.jar:/home/neha/.m2/repository/org/yaml/snakeyaml/1.28/snakeyaml-1.28.jar:/home/neha/.m2/repository/org/springframework/boot/spring-boot-starter-test/2.5.4/spring-boot-starter-test-2.5.4.jar:/home/neha/.m2/repository/org/springframework/boot/spring-boot-test/2.5.4/spring-boot-test-2.5.4.jar:/home/neha/.m2/repository/org/springframework/boot/spring-boot-test-autoconfigure/2.5.4/spring-boot-test-autoconfigure-2.5.4.jar:/home/neha/.m2/repository/com/jayway/jsonpath/json-path/2.5.0/json-path-2.5.0.jar:/home/neha/.m2/repository/net/minidev/json-smart/2.4.7/json-smart-2.4.7.jar:/home/neha/.m2/repository/net/minidev/accessors-smart/2.4.7/accessors-smart-2.4.7.jar:/home/neha/.m2/repository/org/ow2/asm/asm/9.1/asm-9.1.jar:/home/neha/.m2/repository/org/slf4j/slf4j-api/1.7.32/slf4j-api-1.7.32.jar:/home/neha/.m2/repository/jakarta/xml/bind/jakarta.xml.bind-api/2.3.3/jakarta.xml.bind-api-2.3.3.jar:/home/neha/.m2/repository/jakarta/activation/jakarta.activation-api/1.2.2/jakarta.activation-api-1.2.2.jar:/home/neha/.m2/repository/org/assertj/assertj-core/3.19.0/assertj-core-3.19.0.jar:/home/neha/.m2/repository/org/hamcrest/hamcrest/2.2/hamcrest-2.2.jar:/home/neha/.m2/repository/org/junit/jupiter/junit-jupiter/5.7.2/junit-jupiter-5.7.2.jar:/home/neha/.m2/repository/org/junit/jupiter/junit-jupiter-api/5.7.2/junit-jupiter-api-5.7.2.jar:/home/neha/.m2/repository/org/apiguardian/apiguardian-api/1.1.0/apiguardian-api-1.1.0.jar:/home/neha/.m2/repository/org/opentest4j/opentest4j/1.2.0/opentest4j-1.2.0.jar:/home/neha/.m2/repository/org/junit/platform/junit-platform-commons/1.7.2/junit-platform-commons-1.7.2.jar:/home/neha/.m2/repository/org/junit/jupiter/junit-jupiter-params/5.7.2/junit-jupiter-params-5.7.2.jar:/home/neha/.m2/repository/org/junit/jupiter/junit-jupiter-engine/5.7.2/junit-jupiter-engine-5.7.2.jar:/home/neha/.m2/repository/org/junit/platform/junit-platform-engine/1.7.2/junit-platform-engine-1.7.2.jar:/home/neha/.m2/repository/org/mockito/mockito-core/3.9.0/mockito-core-3.9.0.jar:/home/neha/.m2/repository/net/bytebuddy/byte-buddy/1.10.22/byte-buddy-1.10.22.jar:/home/neha/.m2/repository/net/bytebuddy/byte-buddy-agent/1.10.22/byte-buddy-agent-1.10.22.jar:/home/neha/.m2/repository/org/objenesis/objenesis/3.2/objenesis-3.2.jar:/home/neha/.m2/repository/org/mockito/mockito-junit-jupiter/3.9.0/mockito-junit-jupiter-3.9.0.jar:/home/neha/.m2/repository/org/skyscreamer/jsonassert/1.5.0/jsonassert-1.5.0.jar:/home/neha/.m2/repository/com/vaadin/external/google/android-json/0.0.20131108.vaadin1/android-json-0.0.20131108.vaadin1.jar:/home/neha/.m2/repository/org/springframework/spring-test/5.3.9/spring-test-5.3.9.jar:/home/neha/.m2/repository/org/xmlunit/xmlunit-core/2.8.2/xmlunit-core-2.8.2.jar:/home/neha/Downloads/grpc/grpc-common/target/grpc-common-0.0.1-SNAPSHOT.jar:/home/neha/.m2/repository/io/grpc/grpc-stub/1.53.0/grpc-stub-1.53.0.jar:/home/neha/.m2/repository/io/grpc/grpc-api/1.53.0/grpc-api-1.53.0.jar:/home/neha/.m2/repository/io/grpc/grpc-context/1.53.0/grpc-context-1.53.0.jar:/home/neha/.m2/repository/com/google/guava/guava/31.1-android/guava-31.1-android.jar:/home/neha/.m2/repository/com/google/guava/failureaccess/1.0.1/failureaccess-1.0.1.jar:/home/neha/.m2/repository/com/google/guava/listenablefuture/9999.0-empty-to-avoid-conflict-with-guava/listenablefuture-9999.0-empty-to-avoid-conflict-with-guava.jar:/home/neha/.m2/repository/org/checkerframework/checker-qual/3.12.0/checker-qual-3.12.0.jar:/home/neha/.m2/repository/com/google/j2objc/j2objc-annotations/1.3/j2objc-annotations-1.3.jar:/home/neha/.m2/repository/com/google/errorprone/error_prone_annotations/2.14.0/error_prone_annotations-2.14.0.jar:/home/neha/.m2/repository/io/grpc/grpc-protobuf/1.53.0/grpc-protobuf-1.53.0.jar:/home/neha/.m2/repository/com/google/code/findbugs/jsr305/3.0.2/jsr305-3.0.2.jar:/home/neha/.m2/repository/com/google/protobuf/protobuf-java/3.21.7/protobuf-java-3.21.7.jar:/home/neha/.m2/repository/com/google/api/grpc/proto-google-common-protos/2.9.0/proto-google-common-protos-2.9.0.jar:/home/neha/.m2/repository/io/grpc/grpc-protobuf-lite/1.53.0/grpc-protobuf-lite-1.53.0.jar:"/>
    <property name="sun.cpu.endian" value="little"/>
    <property name="user.home" value="/home/neha"/>
    <property name="user.language" value="en"/>
    <property name="java.specification.vendor" value="Oracle Corporation"/>
    <property name="java.version.date" value="2023-01-17"/>
    <property name="java.home" value="/usr/lib/jvm/java-17-openjdk-amd64"/>
    <property name="file.separator" value="/"/>
    <property name="basedir" value="/home/neha/Downloads/grpc/grpc-service"/>
    <property name="java.vm.compressedOopsMode" value="Zero based"/>
    <property name="line.separator" value="&#10;"/>
    <property name="java.vm.specification.vendor" value="Oracle Corporation"/>
    <property name="java.specification.name" value="Java Platform API Specification"/>
    <property name="surefire.real.class.path" value="/home/neha/Downloads/grpc/grpc-service/target/surefire/surefirebooter14414042971587107467.jar"/>
    <property name="sun.management.compiler" value="HotSpot 64-Bit Tiered Compilers"/>
    <property name="java.runtime.version" value="17.0.6+10-Ubuntu-0ubuntu122.04"/>
    <property name="user.name" value="neha"/>
    <property name="path.separator" value=":"/>
    <property name="os.version" value="5.19.0-35-generic"/>
    <property name="java.runtime.name" value="OpenJDK Runtime Environment"/>
    <property name="file.encoding" value="UTF-8"/>
    <property name="java.vm.name" value="OpenJDK 64-Bit Server VM"/>
    <property name="localRepository" value="/home/neha/.m2/repository"/>
    <property name="java.vendor.url.bug" value="Unknown"/>
    <property name="java.io.tmpdir" value="/tmp"/>
    <property name="java.version" value="17.0.6"/>
    <property name="user.dir" value="/home/neha/Downloads/grpc/grpc-service"/>
    <property name="os.arch" value="amd64"/>
    <property name="java.vm.specification.name" value="Java Virtual Machine Specification"/>
    <property name="native.encoding" value="UTF-8"/>
    <property name="java.library.path" value="/usr/java/packages/lib:/usr/lib/x86_64-linux-gnu/jni:/lib/x86_64-linux-gnu:/usr/lib/x86_64-linux-gnu:/usr/lib/jni:/lib:/usr/lib"/>
    <property name="java.vm.info" value="mixed mode, sharing"/>
    <property name="java.vendor" value="Private Build"/>
    <property name="java.vm.version" value="17.0.6+10-Ubuntu-0ubuntu122.04"/>
    <property name="sun.io.unicode.encoding" value="UnicodeLittle"/>
    <property name="java.class.version" value="61.0"/>
  </properties>
  <testcase name="contextLoads" classname="com.assignment2.grpc.GrpcApplicationTests" time="0.203"/>
</testsuite>